2020-4-13|19:11:56|GET|/api/sports/
2020-4-13|19:14:26|GET|/api/applies/
2020-4-13|19:14:31|GET|/api/users/
2020-4-13|19:14:35|GET|/api/offers/
2020-4-13|19:15:29|GET|/api/sports
2020-4-13|19:15:32|POST|/api/offers/search
2020-4-13|19:15:42|GET|/api/sports
2020-4-13|19:15:42|GET|/api/users/5e88d58e5381ef81a836d8bb
2020-4-13|19:15:48|PUT|/api/users/5e88d58e5381ef81a836d8bb
2020-4-13|19:15:50|GET|/api/users/5e88d58e5381ef81a836d8bb
2020-4-13|19:15:50|GET|/api/sports
2020-4-13|19:15:55|PUT|/api/users/5e88d58e5381ef81a836d8bb
2020-4-13|19:15:57|GET|/api/users/5e88d58e5381ef81a836d8bb
2020-4-13|19:15:57|GET|/api/sports
2020-4-13|19:16:47|GET|/api/applies
2020-4-13|19:16:50|GET|/api/sports
2020-4-13|19:17:02|POST|/api/offers/search
2020-4-13|19:17:04|POST|/api/applies
2020-4-13|19:17:14|GET|/api/applies
2020-4-13|19:17:19|DELETE|/api/applies/5e949e905fecf0aaa2c616ac
2020-4-13|19:17:19|GET|/api/applies
